"../../../../../bpAsteroids/Content/Geometry/Meshes/CubeMaterial.uasset" 0
"../../../../../bpAsteroids/Content/Geometry/Meshes/1M_Cube_Chamfer.uasset" 1
"../../../../../bpAsteroids/Content/Geometry/Meshes/TemplateFloor.uasset" 2
"../../../../../bpAsteroids/Content/StarterContent/Materials/M_Basic_Wall.uasset" 3
"../../../../../bpAsteroids/Content/StarterContent/Architecture/Pillar_50x500.uasset" 4
"../../../../../bpAsteroids/Content/StarterContent/Architecture/Wall_400x300.uasset" 5
"../../../../../bpAsteroids/Content/StarterContent/Architecture/Wall_400x400.uasset" 6
"../../../../../bpAsteroids/Content/StarterContent/Architecture/Wall_500x500.uasset" 7
"../../../../../bpAsteroids/Content/StarterContent/Architecture/Wall_Door_400x400.uasset" 8
"../../../../../bpAsteroids/Content/StarterContent/Architecture/Wall_Window_400x400.uasset" 9
"../../../../../bpAsteroids/Content/StarterContent/Audio/Collapse01.uasset" 10
"../../../../../bpAsteroids/Content/StarterContent/Audio/Collapse02.uasset" 11
"../../../../../bpAsteroids/Content/StarterContent/Audio/Explosion01.uasset" 12
"../../../../../bpAsteroids/Content/StarterContent/Audio/Explosion02.uasset" 13
"../../../../../bpAsteroids/Content/StarterContent/Audio/Fire01.uasset" 14
"../../../../../bpAsteroids/Content/StarterContent/Audio/Fire_Sparks01.uasset" 15
"../../../../../bpAsteroids/Content/StarterContent/Audio/Light01.uasset" 16
"../../../../../bpAsteroids/Content/StarterContent/Audio/Light01_Cue.uasset" 17
"../../../../../bpAsteroids/Content/StarterContent/Audio/Light02.uasset" 18
"../../../../../bpAsteroids/Content/StarterContent/Audio/Light02_Cue.uasset" 19
"../../../../../bpAsteroids/Content/StarterContent/Audio/Smoke01.uasset" 20
"../../../../../bpAsteroids/Content/StarterContent/Audio/Starter_Birds01.uasset" 21
"../../../../../bpAsteroids/Content/StarterContent/Audio/Starter_Music01.uasset" 22
"../../../../../bpAsteroids/Content/StarterContent/Audio/Starter_Wind05.uasset" 23
"../../../../../bpAsteroids/Content/StarterContent/Audio/Starter_Wind06.uasset" 24
"../../../../../bpAsteroids/Content/StarterContent/Audio/Steam01.uasset" 25
"../../../../../bpAsteroids/Content/StarterContent/Audio/Explosion_Cue.uasset" 26
"../../../../../bpAsteroids/Content/StarterContent/Textures/T_Burst_M.uasset" 27
"../../../../../bpAsteroids/Content/StarterContent/Particles/Materials/M_Burst.uasset" 28
"../../../../../bpAsteroids/Content/StarterContent/Textures/T_Explosion_SubUV.uasset" 29
"../../../../../bpAsteroids/Content/StarterContent/Particles/Materials/M_explosion_subUV.uasset" 30
"../../../../../bpAsteroids/Content/StarterContent/Particles/Materials/m_flare_01.uasset" 31
"../../../Engine/Content/Functions/Engine_MaterialFunctions01/Gradient/RadialGradient.uasset" 32
"../../../../../bpAsteroids/Content/StarterContent/Particles/Materials/M_radial_ramp.uasset" 33
"../../../../../bpAsteroids/Content/StarterContent/Textures/T_Smoke_SubUV.uasset" 34
"../../../../../bpAsteroids/Content/StarterContent/Textures/T_Smoke_Tiled_D.uasset" 35
"../../../../../bpAsteroids/Content/StarterContent/Particles/Materials/M_smoke_subUV.uasset" 36
"../../../../../bpAsteroids/Content/StarterContent/Particles/P_Explosion.uasset" 37
"../../../../../bpAsteroids/Content/StarterContent/Blueprints/Blueprint_Effect_Explosion.uasset" 38
"../../../Engine/Content/EditorMeshes/ColorCalibrator/T_ColorGrid.uasset" 39
"../../../../../bpAsteroids/Content/StarterContent/Materials/M_ColorGrid_LowSpec.uasset" 40
"../../../../../bpAsteroids/Content/StarterContent/Textures/T_Bush_D.uasset" 41
"../../../../../bpAsteroids/Content/StarterContent/Textures/T_Bush_N.uasset" 42
"../../../../../bpAsteroids/Content/StarterContent/Props/Materials/M_Bush.uasset" 43
"../../../../../bpAsteroids/Content/StarterContent/Props/SM_Bush.uasset" 44
"../../../../../bpAsteroids/Content/StarterContent/Textures/T_Chair_M.uasset" 45
"../../../../../bpAsteroids/Content/StarterContent/Textures/T_Chair_N.uasset" 46
"../../../../../bpAsteroids/Content/StarterContent/Props/Materials/M_Chair.uasset" 47
"../../../../../bpAsteroids/Content/StarterContent/Props/SM_Couch.uasset" 48
"../../../../../bpAsteroids/Content/StarterContent/Materials/M_Glass.uasset" 49
"../../../../../bpAsteroids/Content/StarterContent/Textures/T_Door_M.uasset" 50
"../../../../../bpAsteroids/Content/StarterContent/Textures/T_Door_N.uasset" 51
"../../../../../bpAsteroids/Content/StarterContent/Props/Materials/M_Door.uasset" 52
"../../../../../bpAsteroids/Content/StarterContent/Props/SM_Door.uasset" 53
"../../../../../bpAsteroids/Content/StarterContent/Props/Materials/M_MaterialSphere.uasset" 54
"../../../../../bpAsteroids/Content/StarterContent/Props/Materials/M_MaterialSphere_Plain.uasset" 55
"../../../../../bpAsteroids/Content/StarterContent/Props/SM_MatPreviewMesh_02.uasset" 56
"../../../Engine/Content/Functions/Engine_MaterialFunctions02/Utility/BlendAngleCorrectedNormals.uasset" 57
"../../../../../bpAsteroids/Content/StarterContent/Textures/T_Detail_Rocky_N.uasset" 58
"../../../../../bpAsteroids/Content/StarterContent/Textures/T_Rock_Basalt_D.uasset" 59
"../../../../../bpAsteroids/Content/StarterContent/Textures/T_RockMesh_M.uasset" 60
"../../../../../bpAsteroids/Content/StarterContent/Textures/T_RockMesh_N.uasset" 61
"../../../../../bpAsteroids/Content/StarterContent/Props/Materials/M_Rock.uasset" 62
"../../../../../bpAsteroids/Content/StarterContent/Props/SM_Rock.uasset" 63
"../../../../../bpAsteroids/Content/StarterContent/Textures/T_Shelf_M.uasset" 64
"../../../../../bpAsteroids/Content/StarterContent/Textures/T_Shelf_N.uasset" 65
"../../../../../bpAsteroids/Content/StarterContent/Props/Materials/M_Shelf.uasset" 66
"../../../../../bpAsteroids/Content/StarterContent/Props/SM_Shelf.uasset" 67
"../../../../../bpAsteroids/Content/StarterContent/Materials/M_Basic_Floor.uasset" 68
"../../../../../bpAsteroids/Content/StarterContent/Props/SM_Stairs.uasset" 69
"../../../../../bpAsteroids/Content/StarterContent/Shapes/Shape_Cone.uasset" 70
"../../../../../bpAsteroids/Content/StarterContent/Shapes/Shape_Cylinder.uasset" 71
"../../../../../bpAsteroids/Content/StarterContent/Shapes/Shape_NarrowCapsule.uasset" 72
"../../../../../bpAsteroids/Content/StarterContent/Shapes/Shape_Pipe.uasset" 73
"../../../../../bpAsteroids/Content/StarterContent/Shapes/Shape_Pipe_180.uasset" 74
"../../../../../bpAsteroids/Content/StarterContent/Shapes/Shape_Pipe_90.uasset" 75
"../../../../../bpAsteroids/Content/StarterContent/Shapes/Shape_Plane.uasset" 76
"../../../../../bpAsteroids/Content/StarterContent/Shapes/Shape_Torus.uasset" 77
"../../../../../bpAsteroids/Content/StarterContent/Shapes/Shape_Trim.uasset" 78
"../../../../../bpAsteroids/Content/StarterContent/Shapes/Shape_Trim_90_In.uasset" 79
"../../../../../bpAsteroids/Content/StarterContent/Shapes/Shape_Trim_90_Out.uasset" 80
"../../../../../bpAsteroids/Content/StarterContent/Shapes/Shape_TriPyramid.uasset" 81
"../../../../../bpAsteroids/Content/StarterContent/Shapes/Shape_Tube.uasset" 82
"../../../../../bpAsteroids/Content/StarterContent/Shapes/Shape_Wedge_A.uasset" 83
"../../../../../bpAsteroids/Content/StarterContent/Shapes/Shape_Wedge_B.uasset" 84
"../../../../../bpAsteroids/Content/StarterContent/Shapes/Shape_WideCapsule.uasset" 85
"../../../../../bpAsteroids/Content/TwinStick/Meshes/BaseMaterial.uasset" 86
"../../../../../bpAsteroids/Content/TwinStick/Meshes/BlueMaterial.uasset" 87
"../../../../../bpAsteroids/Content/TwinStick/Meshes/TwinStickUFO.uasset" 88
"../../../../../bpAsteroids/Content/TwinStickBP/TwinStickOverview.uasset" 89
"../../../../../bpAsteroids/Content/TwinStickBP/Other/SavedScores.uasset" 90
"../../../Engine/Content/EditorBlueprintResources/StandardMacros.uasset" 91
"../../../../../bpAsteroids/Content/TwinStickBP/Other/Basic.uasset" 92
"../../../../../bpAsteroids/Content/TwinStickBP/Other/LaserBeam.uasset" 93
"../../../../../bpAsteroids/Content/TwinStickBP/Meshes/Asteroidv2.uasset" 94
"../../../../../bpAsteroids/Content/TwinStickBP/Blueprints/Asteroid.uasset" 95
"../../../../../bpAsteroids/Content/TwinStickBP/Meshes/UFO/UFOLight_Skeleton.uasset" 96
"../../../../../bpAsteroids/Content/TwinStickBP/Meshes/UFO/UFOLight_Anim_Sphere_004_Action.uasset" 97
"../../../../../bpAsteroids/Content/TwinStickBP/Meshes/UFO/UFOLightAnim.uasset" 98
"../../../../../bpAsteroids/Content/TwinStickBP/Trees/HardBlack.uasset" 99
"../../../../../bpAsteroids/Content/TwinStickBP/Trees/RandomNewLocation.uasset" 100
"../../../../../bpAsteroids/Content/TwinStickBP/Trees/ShootEverySecond.uasset" 101
"../../../../../bpAsteroids/Content/TwinStickBP/Trees/SoftTree.uasset" 102
"../../../../../bpAsteroids/Content/TwinStick/Meshes/OrangeMaterial.uasset" 103
"../../../../../bpAsteroids/Content/TwinStick/Meshes/TwinStickProjectile.uasset" 104
"../../../Engine/Content/EngineResources/Black.uasset" 105
"../../../../../bpAsteroids/Content/InfinityBladeEffects/Effects/Masters/M_Add_Sprite_Master_DepthFade.uasset" 106
"../../../../../bpAsteroids/Content/InfinityBladeEffects/Effects/FX_Textures/Gradient/T_starFlare_01.uasset" 107
"../../../../../bpAsteroids/Content/InfinityBladeEffects/Effects/FX_Materials/Gradient/M_Flare_01_INST.uasset" 108
"../../../../../bpAsteroids/Content/InfinityBladeEffects/Effects/Masters/M_Add_Sprite_Master.uasset" 109
"../../../../../bpAsteroids/Content/InfinityBladeEffects/Effects/FX_Textures/Gradient/T_GlowNoise_01.uasset" 110
"../../../../../bpAsteroids/Content/InfinityBladeEffects/Effects/FX_Materials/M_Shockwave_03_Add_INST.uasset" 111
"../../../../../bpAsteroids/Content/InfinityBladeEffects/Effects/Masters/M_Add_Sprite_SubUV_Master.uasset" 112
"../../../../../bpAsteroids/Content/InfinityBladeEffects/Effects/FX_Textures/Spark/T_Sparks_04_SubUV_1_4.uasset" 113
"../../../../../bpAsteroids/Content/InfinityBladeEffects/Effects/FX_Materials/Spark/M_Spark_04_SubUV_1_4_INST.uasset" 114
"../../../../../bpAsteroids/Content/TwinStickBP/VFX/P_Beam_Impact_Ice.uasset" 115
"../../../../../bpAsteroids/Content/TwinStickBP/Blueprints/UfO/UFOProjectile.uasset" 116
"../../../../../bpAsteroids/Content/StarterContent/Textures/T_MacroVariation.uasset" 117
"../../../../../bpAsteroids/Content/StarterContent/Textures/T_Metal_Gold_D.uasset" 118
"../../../../../bpAsteroids/Content/StarterContent/Textures/T_Metal_Gold_N.uasset" 119
"../../../../../bpAsteroids/Content/StarterContent/Materials/M_Metal_Gold.uasset" 120
"../../../../../bpAsteroids/Content/TwinStickBP/Meshes/UFO/UFOGlass.uasset" 121
"../../../../../bpAsteroids/Content/TwinStickBP/Meshes/UFO/UFOwhite.uasset" 122
"../../../../../bpAsteroids/Content/TwinStickBP/Meshes/UFO/UFOLight_PhysicsAsset.uasset" 123
"../../../../../bpAsteroids/Content/TwinStickBP/Meshes/UFO/UFOLight.uasset" 124
"../../../../../bpAsteroids/Content/TwinStickBP/Blueprints/UfO/UFOLight.uasset" 125
"../../../../../bpAsteroids/Content/TwinStickBP/Blueprints/Widgets/ScoreString.uasset" 126
"../../../../../bpAsteroids/Content/TwinStickBP/Blueprints/Widgets/MainMenu.uasset" 127
"../../../../../bpAsteroids/Content/TwinStickBP/Blueprints/Widgets/MyCours.uasset" 128
"../../../../../bpAsteroids/Content/TwinStickBP/Blueprints/Widgets/HUD.uasset" 129
"../../../../../bpAsteroids/Content/TwinStickBP/Blueprints/Widgets/Cursor.uasset" 130
"../../../../../bpAsteroids/Content/TwinStickBP/Blueprints/Widgets/DefaultCours.uasset" 131
"../../../../../bpAsteroids/Content/TwinStickBP/Blueprints/TwinPC.uasset" 132
"../../../../../bpAsteroids/Content/TwinStickBP/Blueprints/TwinStickProjectile.uasset" 133
"../../../../../bpAsteroids/Content/TwinStickBP/Meshes/UFO/UFOshields.uasset" 134
"../../../Engine/Content/Functions/Engine_MaterialFunctions01/Opacity/CameraDepthFade.uasset" 135
"../../../Engine/Content/EngineMaterials/T_Default_Material_Grid_M.uasset" 136
"../../../Engine/Content/EngineMaterials/T_Default_Material_Grid_N.uasset" 137
"../../../Engine/Content/EngineMaterials/DefaultMaterial.uasset" 138
"../../../Engine/Content/BasicShapes/Sphere.uasset" 139
"../../../Engine/Content/VREditor/LaserPointer/VR_LaserPower_01.uasset" 140
"../../../../../bpAsteroids/Content/TwinStickBP/Meshes/UFO/Bloddy.uasset" 141
"../../../../../bpAsteroids/Content/TwinStickBP/Meshes/UFO/UFOred.uasset" 142
"../../../../../bpAsteroids/Content/TwinStickBP/Meshes/UFO/UFOHard1.uasset" 143
"../../../Engine/Content/Functions/Engine_MaterialFunctions01/Density/ExponentialDensity.uasset" 144
"../../../Engine/Content/Functions/Engine_MaterialFunctions01/Gradient/RadialGradientExponential.uasset" 145
"../../../../../bpAsteroids/Content/TwinStickBP/VFX/BaseRadial.uasset" 146
"../../../../../bpAsteroids/Content/TwinStickBP/VFX/Beams.uasset" 147
"../../../../../bpAsteroids/Content/TwinStickBP/Blueprints/UfO/UFOHard.uasset" 148
"../../../../../bpAsteroids/Content/TwinStick/Audio/TwinStickFire.uasset" 149
"../../../../../bpAsteroids/Content/TwinStickBP/Meshes/SciFi_Fighter_AK5-diffuse.uasset" 150
"../../../../../bpAsteroids/Content/TwinStickBP/Meshes/SciFi_Fighter_AK5-Lights.uasset" 151
"../../../../../bpAsteroids/Content/TwinStickBP/Meshes/SciFi_Fighter_AK5-Normal_Map.uasset" 152
"../../../../../bpAsteroids/Content/TwinStickBP/Material/Fighter.uasset" 153
"../../../../../bpAsteroids/Content/TwinStickBP/Meshes/fighter.uasset" 154
"../../../../../bpAsteroids/Content/TwinStickBP/Other/10__Interstellar__2014__-_Main_Theme.uasset" 155
"../../../../../bpAsteroids/Content/TwinStickBP/Other/339169__debsound__arcade-laser-014.uasset" 156
"../../../Engine/Content/Functions/Engine_MaterialFunctions01/Gradient/LinearGradient.uasset" 157
"../../../../../bpAsteroids/Content/TwinStickBP/VFX/BaseStraight.uasset" 158
"../../../../../bpAsteroids/Content/TwinStickBP/VFX/23LinearBeam.uasset" 159
"../../../../../bpAsteroids/Content/TwinStickBP/Blueprints/TwinStickPawn.uasset" 160
"../../../Engine/Content/EditorMaterials/Cross.uasset" 161
"../../../Engine/Content/EditorMaterials/Cross_Mat.uasset" 162
"../../../../../bpAsteroids/Content/Geometry/Meshes/1M_Cube.uasset" 163
"../../../../../bpAsteroids/Content/TwinStickBP/Blueprints/UfO/Try.uasset" 164
"../../../../../bpAsteroids/Content/TwinStickBP/Material/NOmat.uasset" 165
"../../../Engine/Content/EngineMaterials/OrientParticle.uasset" 166
"../../../Engine/Content/EngineMaterials/DefaultParticle.uasset" 167
"../../../../../bpAsteroids/Content/TwinStickBP/Meshes/Particles.uasset" 168
"../../../../../bpAsteroids/Content/TwinStickBP/Meshes/untitled4_Skeleton.uasset" 169
"../../../../../bpAsteroids/Content/TwinStickBP/Meshes/Slavkich/SpaceShip1.uasset" 170
"../../../../../bpAsteroids/Content/TwinStickBP/Meshes/Slavkich/SpaceShipAndryhi_SpaceShip1.uasset" 171
"../../../../../bpAsteroids/Content/TwinStickBP/Meshes/Slavkich/SpaceShip2.uasset" 172
"../../../../../bpAsteroids/Content/TwinStickBP/Meshes/Slavkich/SpaceShipAndryhi_SpaceShip2.uasset" 173
"../../../../../bpAsteroids/Content/TwinStickBP/Meshes/Slavkich/SpaceShip3.uasset" 174
"../../../../../bpAsteroids/Content/TwinStickBP/Meshes/Slavkich/SpaceShipAndryhi_SpaceShip3.uasset" 175
"../../../../../bpAsteroids/Content/TwinStickBP/Meshes/UFO/UFOLight_Anim_Sphere_004_Action_001.uasset" 176
"../../../../../bpAsteroids/Content/TwinStickBP/Meshes/UFO/untitled4.uasset" 177
"../../../../../bpAsteroids/Content/TwinStickBP/Meshes/UFO/untitled2.uasset" 178
"../../../../../bpAsteroids/Content/TwinStickBP/Other/NewMediaPlayer.uasset" 179
"../../../../../bpAsteroids/Content/TwinStickBP/Other/_10__Interstellar__2014__-_Main_Theme.uasset" 180
"../../../../../bpAsteroids/Content/TwinStickBP/VFX/LinearBeam.uasset" 181
"../../../Engine/Content/Animation/DefaultAnimCurveCompressionSettings.uasset" 182
"../../../Engine/Content/EngineMaterials/WorldGridMaterial.uasset" 183
"../../../Engine/Content/ArtTools/RenderToTexture/Meshes/S_1_Unit_Plane.uasset" 184
"../../../Engine/Content/BasicShapes/Cone.uasset" 185
"../../../Engine/Content/BasicShapes/Cube.uasset" 186
"../../../Engine/Content/BasicShapes/Cylinder.uasset" 187
"../../../Engine/Content/EditorLandscapeResources/DataLayer.uasset" 188
"../../../Engine/Content/EditorMaterials/GizmoMaterial.uasset" 189
"../../../Engine/Content/EditorMaterials/MAT_Groups_Toggle.uasset" 190
"../../../Engine/Content/EditorMaterials/MAT_Groups_Visibility.uasset" 191
"../../../Engine/Content/EditorMaterials/PreviewShadowIndicator.uasset" 192
"../../../Engine/Content/EditorMaterials/PreviewShadowIndicatorMaterial.uasset" 193
"../../../Engine/Content/EditorMaterials/MatineeGroups/MAT_ColorTrack.uasset" 194
"../../../Engine/Content/EditorMaterials/MatineeGroups/MAT_Groups_Anim.uasset" 195
"../../../Engine/Content/EditorMaterials/MatineeGroups/MAT_Groups_AudioMaster.uasset" 196
"../../../Engine/Content/EditorMaterials/MatineeGroups/MAT_Groups_Director.uasset" 197
"../../../Engine/Content/EditorMaterials/MatineeGroups/MAT_Groups_Event.uasset" 198
"../../../Engine/Content/EditorMaterials/MatineeGroups/MAT_Groups_Fade.uasset" 199
"../../../Engine/Content/EditorMaterials/MatineeGroups/MAT_Groups_Float.uasset" 200
"../../../Engine/Content/EditorMaterials/MatineeGroups/MAT_Groups_Move.uasset" 201
"../../../Engine/Content/EditorMaterials/MatineeGroups/MAT_Groups_Slomo.uasset" 202
"../../../Engine/Content/EditorMaterials/MatineeGroups/MAT_Groups_Sound.uasset" 203
"../../../Engine/Content/EditorMaterials/MatineeGroups/MAT_Groups_Vector.uasset" 204
"../../../Engine/Content/EditorMaterials/ParticleSystems/PSysThumbnail_NoImage.uasset" 205
"../../../Engine/Content/EditorMaterials/ParticleSystems/PSysThumbnail_OOD.uasset" 206
"../../../Engine/Content/EditorMaterials/Camera/CineMat.uasset" 207
"../../../Engine/Content/EditorMaterials/Camera/MI_CineMat_Rig.uasset" 208
"../../../Engine/Content/EditorMeshes/Camera/SM_CraneRig_Arm.uasset" 209
"../../../Engine/Content/EditorMeshes/Camera/SM_CraneRig_Base.uasset" 210
"../../../Engine/Content/EditorMeshes/Camera/SM_CraneRig_Body.uasset" 211
"../../../Engine/Content/EditorMeshes/Camera/SM_CraneRig_Mount.uasset" 212
"../../../Engine/Content/EditorMeshes/Camera/SM_RailRig_Mount.uasset" 213
"../../../Engine/Content/EditorMeshes/Camera/SM_RailRig_Track.uasset" 214
"../../../Engine/Content/EditorResources/BSPVertex.uasset" 215
"../../../Engine/Content/EditorResources/EmptyActor.uasset" 216
"../../../Engine/Content/EditorResources/S_Actor.uasset" 217
"../../../Engine/Content/EditorResources/S_Note.uasset" 218
"../../../Engine/Content/EditorResources/S_Solver.uasset" 219
"../../../Engine/Content/EditorResources/S_Trigger.uasset" 220
"../../../Engine/Content/EditorResources/AudioIcons/S_AudioComponent.uasset" 221
"../../../Engine/Content/EditorResources/AudioIcons/S_AudioComponent_AutoActivate.uasset" 222
"../../../Engine/Content/EditorResources/LightIcons/S_LightError.uasset" 223
"../../../Engine/Content/EditorResources/SequenceRecorder/Countdown.uasset" 224
"../../../Engine/Content/EditorResources/SequenceRecorder/RecordingIndicator.uasset" 225
"../../../Engine/Content/EditorSounds/Notifications/CompileFailed.uasset" 226
"../../../Engine/Content/EditorSounds/Notifications/CompileFailed_Cue.uasset" 227
"../../../Engine/Content/EditorSounds/Notifications/CompileSuccess.uasset" 228
"../../../Engine/Content/EditorSounds/Notifications/CompileStart_Cue.uasset" 229
"../../../Engine/Content/EditorSounds/Notifications/CompileSuccess_Cue.uasset" 230
"../../../Engine/Content/EngineDamageTypes/DmgTypeBP_Environmental.uasset" 231
"../../../Engine/Content/EngineDebugMaterials/HeatmapGradient.uasset" 232
"../../../Engine/Content/EngineDebugMaterials/BoneWeightMaterial.uasset" 233
"../../../Engine/Content/EngineDebugMaterials/ClothMaterial.uasset" 234
"../../../Engine/Content/EngineDebugMaterials/ClothMaterial_WF.uasset" 235
"../../../Engine/Content/EngineDebugMaterials/DebugEditorMaterial.uasset" 236
"../../../Engine/Content/EngineDebugMaterials/DebugMeshMaterial.uasset" 237
"../../../Engine/Content/EngineDebugMaterials/GeomMaterial.uasset" 238
"../../../Engine/Content/EngineDebugMaterials/M_SimpleTranslucent.uasset" 239
"../../../Engine/Content/Functions/Engine_MaterialFunctions02/Utility/CameraDirectionVector.uasset" 240
"../../../Engine/Content/EngineDebugMaterials/VolumeToRender.uasset" 241
"../../../Engine/Content/EngineDebugMaterials/M_VolumeRenderSphereTracePP.uasset" 242
"../../../Engine/Content/EngineDebugMaterials/WireframeMaterial.uasset" 243
"../../../Engine/Content/EngineFonts/Faces/RobotoBold.uasset" 244
"../../../Engine/Content/EngineFonts/Faces/RobotoBoldItalic.uasset" 245
"../../../Engine/Content/EngineFonts/Faces/RobotoItalic.uasset" 246
"../../../Engine/Content/EngineFonts/Faces/RobotoLight.uasset" 247
"../../../Engine/Content/EngineFonts/Faces/RobotoRegular.uasset" 248
"../../../Engine/Content/EngineFonts/Roboto.uasset" 249
"../../../Engine/Content/EngineMaterials/BaseFlattenDiffuseMap.uasset" 250
"../../../Engine/Content/EngineMaterials/BaseFlattenEmissiveMap.uasset" 251
"../../../Engine/Content/EngineMaterials/BaseFlattenGrayscaleMap.uasset" 252
"../../../Engine/Content/EngineMaterials/BaseFlattenNormalMap.uasset" 253
"../../../Engine/Content/EngineMaterials/BaseFlattenMaterial.uasset" 254
"../../../Engine/Content/EngineMaterials/BlueNoise.uasset" 255
"../../../Engine/Content/EngineMaterials/DefaultBloomKernel.uasset" 256
"../../../Engine/Content/EngineMaterials/DefaultBokeh.uasset" 257
"../../../Engine/Content/EngineMaterials/DefaultDiffuse.uasset" 258
"../../../Engine/Content/EngineMaterials/DefaultDeferredDecalMaterial.uasset" 259
"../../../Engine/Content/EngineMaterials/DefaultLightFunctionMaterial.uasset" 260
"../../../Engine/Content/EngineMaterials/DefaultPhysicalMaterial.uasset" 261
"../../../Engine/Content/Functions/Engine_MaterialFunctions02/Utility/BreakOutFloat2Components.uasset" 262
"../../../Engine/Content/EngineMaterials/DefaultPostProcessMaterial.uasset" 263
"../../../Engine/Content/EngineFonts/RobotoDistanceField.uasset" 264
"../../../Engine/Content/EngineMaterials/DefaultTextMaterialOpaque.uasset" 265
"../../../Engine/Content/EngineMaterials/DefaultVirtualTextureMaterial.uasset" 266
"../../../Engine/Content/EngineMaterials/DefaultWhiteGrid.uasset" 267
"../../../Engine/Content/EngineMaterials/EditorBrushMaterial.uasset" 268
"../../../Engine/Content/EngineMaterials/DefaultWhiteGrid_Low.uasset" 269
"../../../Engine/Content/EngineMaterials/EmissiveMeshMaterial.uasset" 270
"../../../Engine/Content/EngineMaterials/Good64x64TilingNoiseHighFreq.uasset" 271
"../../../Engine/Content/EngineMaterials/MiniFont.uasset" 272
"../../../Engine/Content/EngineMaterials/InvalidLightmapSettings.uasset" 273
"../../../Engine/Content/EngineMaterials/M_InvalidLightmapSettings.uasset" 274
"../../../Engine/Content/Functions/Engine_MaterialFunctions02/WorldPositionOffset/CameraOffset.uasset" 275
"../../../Engine/Content/EngineMaterials/PhAT_JointLimitMaterial.uasset" 276
"../../../Engine/Content/EngineMaterials/PreintegratedSkinBRDF.uasset" 277
"../../../Engine/Content/EngineMaterials/RemoveSurfaceMaterial.uasset" 278
"../../../Engine/Content/EngineMaterials/WeightMapPlaceholderTexture.uasset" 279
"../../../Engine/Content/EngineResources/WhiteSquareTexture.uasset" 280
"../../../Engine/Content/EngineMaterials/Widget3DPassThrough.uasset" 281
"../../../Engine/Content/EngineMaterials/Widget3DPassThrough_Masked.uasset" 282
"../../../Engine/Content/EngineMaterials/Widget3DPassThrough_Opaque.uasset" 283
"../../../Engine/Content/EngineMaterials/Widget3DPassThrough_Masked_OneSided.uasset" 284
"../../../Engine/Content/EngineMaterials/Widget3DPassThrough_Opaque_OneSided.uasset" 285
"../../../Engine/Content/EngineMaterials/Widget3DPassThrough_Translucent.uasset" 286
"../../../Engine/Content/EngineMaterials/Widget3DPassThrough_Translucent_OneSided.uasset" 287
"../../../Engine/Content/EngineMeshes/Cylinder.uasset" 288
"../../../Engine/Content/EngineMeshes/Sphere.uasset" 289
"../../../Engine/Content/EngineResources/DefaultTexture.uasset" 290
"../../../Engine/Content/EngineResources/DefaultTextureCube.uasset" 291
"../../../Engine/Content/EngineResources/DefaultVolumeTexture2D.uasset" 292
"../../../Engine/Content/EngineResources/DefaultVolumeTexture.uasset" 293
"../../../Engine/Content/EngineResources/GradientTexture0.uasset" 294
"../../../Engine/Content/EngineSounds/Master.uasset" 295
"../../../Engine/Content/Functions/Engine_MaterialFunctions01/Shading/ConvertFromDiffSpec.uasset" 296
"../../../Engine/Content/Functions/Engine_MaterialFunctions01/Shading/PowerToRoughness.uasset" 297
"../../../Engine/Content/Maps/Templates/Thumbnails/Default.uasset" 298
"../../../Engine/Content/Maps/Templates/Thumbnails/VR-Basic.uasset" 299
"../../../Engine/Content/MobileResources/T_MobileControls_texture.uasset" 300
"../../../Engine/Content/MobileResources/T_MobileMenu2.uasset" 301
"../../../Engine/Content/MobileResources/HUD/AnalogHat.uasset" 302
"../../../Engine/Content/MobileResources/HUD/VirtualJoystick_Background.uasset" 303
"../../../Engine/Content/MobileResources/HUD/VirtualJoystick_Thumb.uasset" 304
"../../../Engine/Content/MobileResources/HUD/DefaultVirtualJoysticks.uasset" 305
"../../../Engine/Content/MobileResources/HUD/LeftVirtualJoystickOnly.uasset" 306
"../../../Engine/Content/MobileResources/HUD/MobileHUDButton1_off.uasset" 307
"../../../Engine/Content/MobileResources/HUD/MobileHUDButton1_on.uasset" 308
"../../../Engine/Content/MobileResources/HUD/MobileHUDButton2_off.uasset" 309
"../../../Engine/Content/MobileResources/HUD/MobileHUDButton2_on.uasset" 310
"../../../Engine/Content/MobileResources/HUD/MobileHUDButton3.uasset" 311
"../../../Engine/Content/MobileResources/HUD/MobileHUDButtonFire.uasset" 312
"../../../Engine/Content/MobileResources/HUD/MobileHUDDirectionPad.uasset" 313
"../../../Engine/Content/MobileResources/HUD/MobileHUDDirectionPad2.uasset" 314
"../../../Engine/Content/MobileResources/HUD/MobileHUDDirectionPad3.uasset" 315
"../../../Engine/Content/MobileResources/HUD/MobileHUDDirectionStick.uasset" 316
"../../../Engine/Content/MobileResources/HUD/T_Castle_ThumbstickInner.uasset" 317
"../../../Engine/Content/MobileResources/HUD/T_Castle_ThumbstickOutter.uasset" 318
"../../../Engine/Content/Tutorial/ContentIntroCurve.uasset" 319
"../../../Engine/Content/Tutorial/Basics/LevelEditorAttract.uasset" 320
"../../../Engine/Content/Tutorial/Basics/TutorialAssets/icon_tab_Levels_40x.uasset" 321
"../../../Engine/Content/Tutorial/Basics/LevelEditorOverview.uasset" 322
"../../../Engine/Content/Tutorial/BlueprintTutorials/TutorialAssets/Blueprint_64x.uasset" 323
"../../../Engine/Content/Tutorial/BlueprintTutorials/BlueprintEditorTutorial.uasset" 324
"../../../Engine/Content/VREditor/TransformGizmo/TransformGizmoMaterial.uasset" 325
"../../../Engine/Content/VREditor/TransformGizmo/TranslucentTransformGizmoMaterial.uasset" 326
"../../../Engine/Content/VREditor/TransformGizmo/BoundingBoxCorner.uasset" 327
"../../../Engine/Content/VREditor/TransformGizmo/BoundingBoxEdge.uasset" 328
"../../../Engine/Content/VREditor/TransformGizmo/PlaneTranslationHandle.uasset" 329
"../../../Engine/Content/VREditor/TransformGizmo/Main.uasset" 330
"../../../Engine/Content/VREditor/TransformGizmo/Xray.uasset" 331
"../../../Engine/Content/VREditor/TransformGizmo/SM_Sequencer_Key.uasset" 332
"../../../Engine/Content/VREditor/TransformGizmo/SM_Sequencer_Node.uasset" 333
"../../Plugins/2D/Paper2D/Content/PlaceholderTextures/DummySpriteTexture.uasset" 334
"../../Plugins/2D/Paper2D/Content/DummySprite.uasset" 335
"../../Plugins/2D/Paper2D/Content/DefaultPaperTerrainMaterial.uasset" 336
"../../Plugins/2D/Paper2D/Content/DummySpriteTexture.uasset" 337
"../../Plugins/2D/Paper2D/Content/DefaultSpriteMaterial.uasset" 338
"../../Plugins/2D/Paper2D/Content/MaskedUnlitSpriteMaterial.uasset" 339
"../../Plugins/2D/Paper2D/Content/OpaqueUnlitSpriteMaterial.uasset" 340
"../../Plugins/Runtime/Oculus/OculusVR/Content/OculusMR_RenderTarget.uasset" 341
"../../../Engine/Content/Functions/Engine_MaterialFunctions02/Utility/BreakOutFloat4Components.uasset" 342
"../../../Engine/Content/Functions/Engine_MaterialFunctions02/Utility/MakeFloat2.uasset" 343
"../../../Engine/Content/Functions/Engine_MaterialFunctions02/Utility/MakeFloat3.uasset" 344
"../../Plugins/Runtime/Oculus/OculusVR/Content/Materials/OculusMR_ChromaKey.uasset" 345
"../../Plugins/Runtime/Oculus/OculusVR/Content/Materials/OculusMR_ChromaKey_Lit.uasset" 346
"../../Plugins/Runtime/Oculus/OculusVR/Content/Materials/OculusMR_OpaqueColoredMaterial.uasset" 347
"../../Plugins/Runtime/Oculus/OculusVR/Content/Materials/OculusMR_WhiteMaterial.uasset" 348
"../../../../../bpAsteroids/Content/StarterContent/Blueprints/Assets/FogBrightnessLUT.uasset" 349
"../../../../../bpAsteroids/Content/StarterContent/Blueprints/Assets/SunlightColorLUT.uasset" 350
"../../../../../bpAsteroids/Content/StarterContent/Blueprints/Assets/M_LightStage_Arrows.uasset" 351
"../../../Engine/Content/MapTemplates/Sky/DaylightAmbientCubemap.uasset" 352
"../../../../../bpAsteroids/Content/StarterContent/Blueprints/Assets/M_LightStage_Skybox_Master.uasset" 353
"../../../../../bpAsteroids/Content/StarterContent/Blueprints/Assets/M_LightStage_Skybox_Black.uasset" 354
"../../../../../bpAsteroids/Content/StarterContent/Blueprints/Assets/M_LightStage_Skybox_HDRI.uasset" 355
"../../../Engine/Content/EditorMaterials/Thumbnails/SkySphereMaterial.uasset" 356
"../../../../../bpAsteroids/Content/StarterContent/Blueprints/Assets/Skybox.uasset" 357
"../../../../../bpAsteroids/Content/StarterContent/Blueprints/Assets/SM_Arrows.uasset" 358
"../../../../../bpAsteroids/Content/StarterContent/HDRI/HDRI_Epic_Courtyard_Daylight.uasset" 359
"../../../../../bpAsteroids/Content/StarterContent/Blueprints/BP_LightStudio.uasset" 360
"../../../../../bpAsteroids/Content/StarterContent/Maps/Advanced_Lighting_BuiltData.uasset" 361
"../../../../../bpAsteroids/Content/StarterContent/Materials/M_AssetPlatform.uasset" 362
"../../../Engine/Content/EditorMeshes/ColorCalibrator/M_ChromeBall.uasset" 363
"../../../Engine/Content/EditorMeshes/ColorCalibrator/M_ClearCoat.uasset" 364
"../../../Engine/Content/EditorMeshes/ColorCalibrator/M_ClearCoatBlack.uasset" 365
"../../../Engine/Content/EditorMeshes/ColorCalibrator/Color_checker.uasset" 366
"../../../Engine/Content/EditorMeshes/ColorCalibrator/M_ColorGrid.uasset" 367
"../../../Engine/Content/EditorMeshes/ColorCalibrator/M_GreyBall.uasset" 368
"../../../Engine/Content/EditorMeshes/ColorCalibrator/SM_ColorCalibrator.uasset" 369
"../../../../../bpAsteroids/Content/StarterContent/Architecture/SM_AssetPlatform.uasset" 370
"../../../../../bpAsteroids/Content/StarterContent/Maps/Advanced_Lighting.umap" 371
"../../../Engine/Content/EngineSky/C_Sky_Cloud_Color.uasset" 372
"../../../Engine/Content/EngineSky/C_Sky_Horizon_Color.uasset" 373
"../../../Engine/Content/EngineSky/C_Sky_Zenith_Color.uasset" 374
"../../../Engine/Content/EngineSky/T_Sky_Blue.uasset" 375
"../../../Engine/Content/EngineSky/T_Sky_Clouds_M.uasset" 376
"../../../Engine/Content/EngineSky/T_Sky_Stars.uasset" 377
"../../../Engine/Content/EngineSky/M_Sky_Panning_Clouds2.uasset" 378
"../../../Engine/Content/EngineSky/SM_SkySphere.uasset" 379
"../../../Engine/Content/EngineSky/BP_Sky_Sphere.uasset" 380
"../../../../../bpAsteroids/Content/StarterContent/Maps/Minimal_Default_BuiltData.uasset" 381
"../../../../../bpAsteroids/Content/StarterContent/Materials/M_Metal_Brushed_Nickel.uasset" 382
"../../../../../bpAsteroids/Content/StarterContent/Textures/T_Metal_Aluminum_D.uasset" 383
"../../../../../bpAsteroids/Content/StarterContent/Materials/M_Metal_Burnished_Steel.uasset" 384
"../../../../../bpAsteroids/Content/StarterContent/Textures/T_Metal_Copper_D.uasset" 385
"../../../../../bpAsteroids/Content/StarterContent/Materials/M_Metal_Copper.uasset" 386
"../../../../../bpAsteroids/Content/StarterContent/Textures/T_Statue_M.uasset" 387
"../../../../../bpAsteroids/Content/StarterContent/Textures/T_Statue_N.uasset" 388
"../../../../../bpAsteroids/Content/StarterContent/Props/Materials/M_StatueGlass.uasset" 389
"../../../../../bpAsteroids/Content/StarterContent/Architecture/Floor_400x400.uasset" 390
"../../../../../bpAsteroids/Content/StarterContent/Audio/Starter_Background_Cue.uasset" 391
"../../../../../bpAsteroids/Content/StarterContent/Props/SM_Chair.uasset" 392
"../../../../../bpAsteroids/Content/StarterContent/Props/Materials/M_Statue.uasset" 393
"../../../../../bpAsteroids/Content/StarterContent/Props/SM_Statue.uasset" 394
"../../../../../bpAsteroids/Content/StarterContent/Textures/T_TableRound_M.uasset" 395
"../../../../../bpAsteroids/Content/StarterContent/Textures/T_TableRound_N.uasset" 396
"../../../../../bpAsteroids/Content/StarterContent/Props/Materials/M_TableRound.uasset" 397
"../../../../../bpAsteroids/Content/StarterContent/Props/SM_TableRound.uasset" 398
"../../../../../bpAsteroids/Content/StarterContent/Maps/Minimal_Default.umap" 399
"../../../../../bpAsteroids/Content/StarterContent/Audio/Fire01_Cue.uasset" 400
"../../../../../bpAsteroids/Content/StarterContent/Textures/T_Fire_SubUV.uasset" 401
"../../../../../bpAsteroids/Content/StarterContent/Textures/T_Fire_Tiled_D.uasset" 402
"../../../../../bpAsteroids/Content/StarterContent/Particles/Materials/M_Fire_SubUV.uasset" 403
"../../../../../bpAsteroids/Content/StarterContent/Textures/T_Water_N.uasset" 404
"../../../../../bpAsteroids/Content/StarterContent/Particles/Materials/M_Heat_Distortion.uasset" 405
"../../../../../bpAsteroids/Content/StarterContent/Particles/Materials/M_Radial_Gradient.uasset" 406
"../../../../../bpAsteroids/Content/StarterContent/Particles/P_Fire.uasset" 407
"../../../../../bpAsteroids/Content/StarterContent/Blueprints/Blueprint_Effect_Fire.uasset" 408
"../../../../../bpAsteroids/Content/StarterContent/Audio/Smoke01_Cue.uasset" 409
"../../../../../bpAsteroids/Content/StarterContent/Particles/P_Smoke.uasset" 410
"../../../../../bpAsteroids/Content/StarterContent/Blueprints/Blueprint_Effect_Smoke.uasset" 411
"../../../../../bpAsteroids/Content/StarterContent/Audio/Fire_Sparks01_Cue.uasset" 412
"../../../../../bpAsteroids/Content/StarterContent/Textures/T_Spark_Core.uasset" 413
"../../../../../bpAsteroids/Content/StarterContent/Particles/Materials/M_Spark.uasset" 414
"../../../../../bpAsteroids/Content/StarterContent/Particles/P_Sparks.uasset" 415
"../../../../../bpAsteroids/Content/StarterContent/Blueprints/Blueprint_Effect_Sparks.uasset" 416
"../../../../../bpAsteroids/Content/StarterContent/Audio/Steam01_Cue.uasset" 417
"../../../../../bpAsteroids/Content/StarterContent/Particles/P_Steam_Lit.uasset" 418
"../../../../../bpAsteroids/Content/StarterContent/Blueprints/Blueprint_Effect_Steam.uasset" 419
"../../../../../bpAsteroids/Content/StarterContent/Textures/T_Lamp_M.uasset" 420
"../../../../../bpAsteroids/Content/StarterContent/Textures/T_Lamp_N.uasset" 421
"../../../../../bpAsteroids/Content/StarterContent/Props/Materials/M_Lamp.uasset" 422
"../../../../../bpAsteroids/Content/StarterContent/Props/SM_Lamp_Ceiling.uasset" 423
"../../../../../bpAsteroids/Content/StarterContent/Blueprints/Blueprint_CeilingLight.uasset" 424
"../../../../../bpAsteroids/Content/StarterContent/Props/SM_Lamp_Wall.uasset" 425
"../../../../../bpAsteroids/Content/StarterContent/Blueprints/Blueprint_WallSconce.uasset" 426
"../../../../../bpAsteroids/Content/StarterContent/Maps/StarterMap_BuiltData.uasset" 427
"../../../Engine/Content/Functions/Engine_MaterialFunctions03/Procedurals/ComputeFilterWidth.uasset" 428
"../../../Engine/Content/EngineMaterials/AntiAliasedTextMaterialTranslucent.uasset" 429
"../../../../../bpAsteroids/Content/StarterContent/Textures/T_Brick_Clay_Beveled_D.uasset" 430
"../../../../../bpAsteroids/Content/StarterContent/Textures/T_Brick_Clay_Beveled_M.uasset" 431
"../../../../../bpAsteroids/Content/StarterContent/Textures/T_Brick_Clay_Beveled_N.uasset" 432
"../../../../../bpAsteroids/Content/StarterContent/Materials/M_Brick_Clay_Beveled.uasset" 433
"../../../../../bpAsteroids/Content/StarterContent/Textures/T_Brick_Clay_New_D.uasset" 434
"../../../../../bpAsteroids/Content/StarterContent/Textures/T_Brick_Clay_New_M.uasset" 435
"../../../../../bpAsteroids/Content/StarterContent/Textures/T_Brick_Clay_New_N.uasset" 436
"../../../../../bpAsteroids/Content/StarterContent/Materials/M_Brick_Clay_New.uasset" 437
"../../../../../bpAsteroids/Content/StarterContent/Textures/T_Brick_Clay_Old_D.uasset" 438
"../../../../../bpAsteroids/Content/StarterContent/Textures/T_Brick_Clay_Old_N.uasset" 439
"../../../../../bpAsteroids/Content/StarterContent/Textures/T_Perlin_Noise_M.uasset" 440
"../../../../../bpAsteroids/Content/StarterContent/Materials/M_Brick_Clay_Old.uasset" 441
"../../../../../bpAsteroids/Content/StarterContent/Textures/T_Brick_Cut_Stone_D.uasset" 442
"../../../../../bpAsteroids/Content/StarterContent/Textures/T_Brick_Cut_Stone_N.uasset" 443
"../../../../../bpAsteroids/Content/StarterContent/Materials/M_Brick_Cut_Stone.uasset" 444
"../../../../../bpAsteroids/Content/StarterContent/Textures/T_Brick_Hewn_Stone_D.uasset" 445
"../../../../../bpAsteroids/Content/StarterContent/Textures/T_Brick_Hewn_Stone_M.uasset" 446
"../../../../../bpAsteroids/Content/StarterContent/Textures/T_Brick_Hewn_Stone_N.uasset" 447
"../../../../../bpAsteroids/Content/StarterContent/Materials/M_Brick_Hewn_Stone.uasset" 448
"../../../../../bpAsteroids/Content/StarterContent/Textures/T_Ceramic_Tile_M.uasset" 449
"../../../../../bpAsteroids/Content/StarterContent/Textures/T_Ceramic_Tile_N.uasset" 450
"../../../../../bpAsteroids/Content/StarterContent/Textures/T_Rock_Marble_Polished_D.uasset" 451
"../../../../../bpAsteroids/Content/StarterContent/Materials/M_Ceramic_Tile_Checker.uasset" 452
"../../../../../bpAsteroids/Content/StarterContent/Textures/T_CobbleStone_Pebble_D.uasset" 453
"../../../../../bpAsteroids/Content/StarterContent/Textures/T_CobbleStone_Pebble_M.uasset" 454
"../../../../../bpAsteroids/Content/StarterContent/Textures/T_CobbleStone_Pebble_N.uasset" 455
"../../../../../bpAsteroids/Content/StarterContent/Materials/M_CobbleStone_Pebble.uasset" 456
"../../../../../bpAsteroids/Content/StarterContent/Textures/T_CobbleStone_Rough_D.uasset" 457
"../../../../../bpAsteroids/Content/StarterContent/Textures/T_CobbleStone_Rough_N.uasset" 458
"../../../../../bpAsteroids/Content/StarterContent/Textures/T_Gradinet_01.uasset" 459
"../../../../../bpAsteroids/Content/StarterContent/Textures/T_Rock_Smooth_Granite_D.uasset" 460
"../../../../../bpAsteroids/Content/StarterContent/Materials/M_CobbleStone_Rough.uasset" 461
"../../../../../bpAsteroids/Content/StarterContent/Textures/T_CobbleStone_Smooth_D.uasset" 462
"../../../../../bpAsteroids/Content/StarterContent/Textures/T_CobbleStone_Smooth_M.uasset" 463
"../../../../../bpAsteroids/Content/StarterContent/Textures/T_CobbleStone_Smooth_N.uasset" 464
"../../../../../bpAsteroids/Content/StarterContent/Materials/M_CobbleStone_Smooth.uasset" 465
"../../../../../bpAsteroids/Content/StarterContent/Textures/T_Concrete_Grime_D.uasset" 466
"../../../../../bpAsteroids/Content/StarterContent/Textures/T_Metal_Rust_N.uasset" 467
"../../../../../bpAsteroids/Content/StarterContent/Materials/M_Concrete_Grime.uasset" 468
"../../../../../bpAsteroids/Content/StarterContent/Textures/T_Concrete_Panels_D.uasset" 469
"../../../../../bpAsteroids/Content/StarterContent/Textures/T_Concrete_Panels_N.uasset" 470
"../../../../../bpAsteroids/Content/StarterContent/Materials/M_Concrete_Panels.uasset" 471
"../../../../../bpAsteroids/Content/StarterContent/Textures/T_Concrete_Poured_D.uasset" 472
"../../../../../bpAsteroids/Content/StarterContent/Textures/T_Concrete_Poured_N.uasset" 473
"../../../../../bpAsteroids/Content/StarterContent/Materials/M_Concrete_Poured.uasset" 474
"../../../../../bpAsteroids/Content/StarterContent/Textures/T_Concrete_Tiles_D.uasset" 475
"../../../../../bpAsteroids/Content/StarterContent/Textures/T_Concrete_Tiles_M.uasset" 476
"../../../../../bpAsteroids/Content/StarterContent/Textures/T_Concrete_Tiles_N.uasset" 477
"../../../../../bpAsteroids/Content/StarterContent/Textures/T_Concrete_Tiles_Variation_M.uasset" 478
"../../../../../bpAsteroids/Content/StarterContent/Materials/M_Concrete_Tiles.uasset" 479
"../../../../../bpAsteroids/Content/StarterContent/Textures/T_Ground_Grass_D.uasset" 480
"../../../../../bpAsteroids/Content/StarterContent/Textures/T_Ground_Grass_N.uasset" 481
"../../../../../bpAsteroids/Content/StarterContent/Materials/M_Ground_Grass.uasset" 482
"../../../../../bpAsteroids/Content/StarterContent/Textures/T_Ground_Gravel_D.uasset" 483
"../../../../../bpAsteroids/Content/StarterContent/Textures/T_Ground_Gravel_N.uasset" 484
"../../../../../bpAsteroids/Content/StarterContent/Materials/M_Ground_Gravel.uasset" 485
"../../../../../bpAsteroids/Content/StarterContent/Textures/T_ground_Moss_D.uasset" 486
"../../../../../bpAsteroids/Content/StarterContent/Textures/T_Ground_Moss_N.uasset" 487
"../../../../../bpAsteroids/Content/StarterContent/Materials/M_Ground_Moss.uasset" 488
"../../../../../bpAsteroids/Content/StarterContent/Materials/M_Metal_Chrome.uasset" 489
"../../../../../bpAsteroids/Content/StarterContent/Textures/T_Metal_Rust_D.uasset" 490
"../../../../../bpAsteroids/Content/StarterContent/Materials/M_Metal_Rust.uasset" 491
"../../../../../bpAsteroids/Content/StarterContent/Textures/T_Metal_Steel_D.uasset" 492
"../../../../../bpAsteroids/Content/StarterContent/Textures/T_Metal_Steel_N.uasset" 493
"../../../../../bpAsteroids/Content/StarterContent/Materials/M_Metal_Steel.uasset" 494
"../../../../../bpAsteroids/Content/StarterContent/Textures/T_Rock_Basalt_N.uasset" 495
"../../../../../bpAsteroids/Content/StarterContent/Materials/M_Rock_Basalt.uasset" 496
"../../../../../bpAsteroids/Content/StarterContent/Materials/M_Rock_Marble_Polished.uasset" 497
"../../../../../bpAsteroids/Content/StarterContent/Textures/T_Rock_Sandstone_D.uasset" 498
"../../../../../bpAsteroids/Content/StarterContent/Textures/T_Rock_Sandstone_N.uasset" 499
"../../../../../bpAsteroids/Content/StarterContent/Materials/M_Rock_Sandstone.uasset" 500
"../../../../../bpAsteroids/Content/StarterContent/Textures/T_Rock_Slate_D.uasset" 501
"../../../../../bpAsteroids/Content/StarterContent/Textures/T_Rock_Slate_N.uasset" 502
"../../../../../bpAsteroids/Content/StarterContent/Materials/M_Rock_Slate.uasset" 503
"../../../../../bpAsteroids/Content/StarterContent/Textures/T_Checker_Noise_M.uasset" 504
"../../../../../bpAsteroids/Content/StarterContent/Textures/T_Single_Tile_N.uasset" 505
"../../../../../bpAsteroids/Content/StarterContent/Textures/T_Tech_Dot_M.uasset" 506
"../../../../../bpAsteroids/Content/StarterContent/Textures/T_Tech_Dot_N.uasset" 507
"../../../../../bpAsteroids/Content/StarterContent/Materials/M_Tech_Checker_Dot.uasset" 508
"../../../../../bpAsteroids/Content/StarterContent/Textures/T_Tech_Hex_Tile_M.uasset" 509
"../../../../../bpAsteroids/Content/StarterContent/Textures/T_Tech_Hex_Tile_N.uasset" 510
"../../../../../bpAsteroids/Content/StarterContent/Materials/M_Tech_Hex_Tile.uasset" 511
"../../../../../bpAsteroids/Content/StarterContent/Materials/M_Tech_Hex_Tile_Pulse.uasset" 512
"../../../../../bpAsteroids/Content/StarterContent/Textures/T_Tech_Panel_M.uasset" 513
"../../../../../bpAsteroids/Content/StarterContent/Textures/T_Tech_Panel_N.uasset" 514
"../../../../../bpAsteroids/Content/StarterContent/Materials/M_Tech_Panel.uasset" 515
"../../../../../bpAsteroids/Content/StarterContent/Materials/M_Water_Lake.uasset" 516
"../../../../../bpAsteroids/Content/StarterContent/Textures/T_Water_M.uasset" 517
"../../../../../bpAsteroids/Content/StarterContent/Materials/M_Water_Ocean.uasset" 518
"../../../../../bpAsteroids/Content/StarterContent/Textures/T_Wood_Floor_Walnut_D.uasset" 519
"../../../../../bpAsteroids/Content/StarterContent/Textures/T_Wood_Floor_Walnut_M.uasset" 520
"../../../../../bpAsteroids/Content/StarterContent/Textures/T_Wood_Floor_Walnut_N.uasset" 521
"../../../../../bpAsteroids/Content/StarterContent/Materials/M_Wood_Floor_Walnut_Polished.uasset" 522
"../../../Engine/Content/Functions/Engine_MaterialFunctions01/Opacity/AlphaOffset.uasset" 523
"../../../../../bpAsteroids/Content/StarterContent/Materials/M_Wood_Floor_Walnut_Worn.uasset" 524
"../../../../../bpAsteroids/Content/StarterContent/Textures/T_Wood_Oak_D.uasset" 525
"../../../../../bpAsteroids/Content/StarterContent/Textures/T_Wood_Oak_N.uasset" 526
"../../../../../bpAsteroids/Content/StarterContent/Materials/M_Wood_Oak.uasset" 527
"../../../../../bpAsteroids/Content/StarterContent/Textures/T_Wood_Pine_D.uasset" 528
"../../../../../bpAsteroids/Content/StarterContent/Textures/T_Wood_Pine_N.uasset" 529
"../../../../../bpAsteroids/Content/StarterContent/Materials/M_Wood_Pine.uasset" 530
"../../../../../bpAsteroids/Content/StarterContent/Textures/T_Wood_Walnut_D.uasset" 531
"../../../../../bpAsteroids/Content/StarterContent/Textures/T_Wood_Walnut_N.uasset" 532
"../../../../../bpAsteroids/Content/StarterContent/Materials/M_Wood_Walnut.uasset" 533
"../../../../../bpAsteroids/Content/StarterContent/Architecture/Wall_400x200.uasset" 534
"../../../../../bpAsteroids/Content/StarterContent/Architecture/Wall_Door_400x300.uasset" 535
"../../../../../bpAsteroids/Content/StarterContent/Architecture/Wall_Window_400x300.uasset" 536
"../../../../../bpAsteroids/Content/StarterContent/Audio/Collapse_Cue.uasset" 537
"../../../../../bpAsteroids/Content/StarterContent/Audio/Starter_Music_Cue.uasset" 538
"../../../../../bpAsteroids/Content/StarterContent/Textures/T_Dust_Particle_D.uasset" 539
"../../../../../bpAsteroids/Content/StarterContent/Particles/Materials/M_Dust_Particle.uasset" 540
"../../../../../bpAsteroids/Content/StarterContent/Particles/P_Ambient_Dust.uasset" 541
"../../../../../bpAsteroids/Content/StarterContent/Props/MaterialSphere.uasset" 542
"../../../../../bpAsteroids/Content/StarterContent/Textures/T_Frame_M.uasset" 543
"../../../../../bpAsteroids/Content/StarterContent/Textures/T_Frame_N.uasset" 544
"../../../../../bpAsteroids/Content/StarterContent/Props/Materials/M_Frame.uasset" 545
"../../../../../bpAsteroids/Content/StarterContent/Props/SM_CornerFrame.uasset" 546
"../../../../../bpAsteroids/Content/StarterContent/Props/SM_DoorFrame.uasset" 547
"../../../../../bpAsteroids/Content/StarterContent/Props/SM_GlassWindow.uasset" 548
"../../../../../bpAsteroids/Content/StarterContent/Props/SM_PillarFrame.uasset" 549
"../../../../../bpAsteroids/Content/StarterContent/Props/SM_PillarFrame300.uasset" 550
"../../../../../bpAsteroids/Content/StarterContent/Props/SM_WindowFrame.uasset" 551
"../../../../../bpAsteroids/Content/StarterContent/Shapes/Shape_Cube.uasset" 552
"../../../../../bpAsteroids/Content/StarterContent/Shapes/Shape_QuadPyramid.uasset" 553
"../../../../../bpAsteroids/Content/StarterContent/Shapes/Shape_Sphere.uasset" 554
"../../../../../bpAsteroids/Content/StarterContent/Maps/StarterMap.umap" 555
"../../../../../bpAsteroids/Content/TwinStickBP/Blueprints/TwinStickGameMode.uasset" 556
"../../../../../bpAsteroids/Content/TwinStickBP/Other/SpawnV.uasset" 557
"../../../../../bpAsteroids/Content/TwinStickBP/Other/RatesStruct.uasset" 558
"../../../../../bpAsteroids/Content/TwinStickBP/Other/SpawnRate.uasset" 559
"../../../../../bpAsteroids/Content/TwinStickBP/Maps/Main_BuiltData.uasset" 560
"../../../../../bpAsteroids/Content/TwinStickBP/Material/milky-way-2695569_1920.uasset" 561
"../../../../../bpAsteroids/Content/TwinStickBP/Material/Sky.uasset" 562
"../../../Engine/Content/BasicShapes/Plane.uasset" 563
"../../../../../bpAsteroids/Content/TwinStickBP/Maps/Main.umap" 564
"../../../Engine/Content/Maps/Entry_BuiltData.uasset" 565
"../../../Engine/Content/Maps/Entry.umap" 566
